<?xml version="1.0" encoding="UTF-8"?>
<testsuite name="tests.testClass" tests="2" skipped="0" failures="0" errors="0" timestamp="2017-03-02T13:51:15" hostname="DESKTOP-3VF39BC" time="9.899">
  <properties/>
  <testcase name="signUp" classname="tests.testClass" time="2.14"/>
  <testcase name="signUp" classname="tests.testClass" time="2.697"/>
  <system-out><![CDATA[]]></system-out>
  <system-err><![CDATA[]]></system-err>
</testsuite>
