<?xml version="1.0" encoding="UTF-8"?>
<testsuite name="testClass" tests="1" skipped="0" failures="1" errors="0" timestamp="2017-03-02T10:31:31" hostname="DESKTOP-3VF39BC" time="3.332">
  <properties/>
  <testcase name="signUp" classname="testClass" time="3.332">
    <failure message="org.junit.ComparisonFailure: expected:&lt;Thank you[]&gt; but was:&lt;Thank you[!]&gt;" type="org.junit.ComparisonFailure">org.junit.ComparisonFailure: expected:&lt;Thank you[]&gt; but was:&lt;Thank you[!]&gt;
	at org.junit.Assert.assertEquals(Assert.java:115)
	at org.junit.Assert.assertEquals(Assert.java:144)
	at testClass.signUp(testClass.java:25)
	at sun.reflect.NativeMethodAccessorImpl.invoke0(Native Method)
	at sun.reflect.NativeMethodAccessorImpl.invoke(NativeMethodAccessorImpl.java:62)
	at sun.reflect.DelegatingMethodAccessorImpl.invoke(DelegatingMethodAccessorImpl.java:43)
	at java.lang.reflect.Method.invoke(Method.java:498)
	at org.junit.runners.model.FrameworkMethod$1.runReflectiveCall(FrameworkMethod.java:50)
	at org.junit.internal.runners.model.ReflectiveCallable.run(ReflectiveCallable.java:12)
	at org.junit.runners.model.FrameworkMethod.invokeExplosively(FrameworkMethod.java:47)
	at org.junit.internal.runners.statements.InvokeMethod.evaluate(InvokeMethod.java:17)
	at org.junit.internal.runners.statements.RunAfters.evaluate(RunAfters.java:27)
	at org.junit.runners.ParentRunner.runLeaf(ParentRunner.java:325)
	at org.junit.runners.BlockJUnit4ClassRunner.runChild(BlockJUnit4ClassRunner.java:78)
	at org.junit.runners.BlockJUnit4ClassRunner.runChild(BlockJUnit4ClassRunner.java:57)
	at org.junit.runners.ParentRunner$3.run(ParentRunner.java:290)
	at org.junit.runners.ParentRunner$1.schedule(ParentRunner.java:71)
	at org.junit.runners.ParentRunner.runChildren(ParentRunner.java:288)
	at org.junit.runners.ParentRunner.access$000(ParentRunner.java:58)
	at org.junit.runners.ParentRunner$2.evaluate(ParentRunner.java:268)
	at org.junit.internal.runners.statements.RunBefores.evaluate(RunBefores.java:26)
	at org.junit.internal.runners.statements.RunAfters.evaluate(RunAfters.java:27)
	at org.junit.runners.ParentRunner.run(ParentRunner.java:363)
	at org.gradle.api.internal.tasks.testing.junit.JUnitTestClassExecuter.runTestClass(JUnitTestClassExecuter.java:112)
	at org.gradle.api.internal.tasks.testing.junit.JUnitTestClassExecuter.execute(JUnitTestClassExecuter.java:56)
	at org.gradle.api.internal.tasks.testing.junit.JUnitTestClassProcessor.processTestClass(JUnitTestClassProcessor.java:66)
	at org.gradle.api.internal.tasks.testing.SuiteTestClassProcessor.processTestClass(SuiteTestClassProcessor.java:51)
	at sun.reflect.NativeMethodAccessorImpl.invoke0(Native Method)
	at sun.reflect.NativeMethodAccessorImpl.invoke(NativeMethodAccessorImpl.java:62)
	at sun.reflect.DelegatingMethodAccessorImpl.invoke(DelegatingMethodAccessorImpl.java:43)
	at java.lang.reflect.Method.invoke(Method.java:498)
	at org.gradle.messaging.dispatch.ReflectionDispatch.dispatch(ReflectionDispatch.java:35)
	at org.gradle.messaging.dispatch.ReflectionDispatch.dispatch(ReflectionDispatch.java:24)
	at org.gradle.messaging.dispatch.ContextClassLoaderDispatch.dispatch(ContextClassLoaderDispatch.java:32)
	at org.gradle.messaging.dispatch.ProxyDispatchAdapter$DispatchingInvocationHandler.invoke(ProxyDispatchAdapter.java:93)
	at com.sun.proxy.$Proxy2.processTestClass(Unknown Source)
	at org.gradle.api.internal.tasks.testing.worker.TestWorker.processTestClass(TestWorker.java:109)
	at sun.reflect.NativeMethodAccessorImpl.invoke0(Native Method)
	at sun.reflect.NativeMethodAccessorImpl.invoke(NativeMethodAccessorImpl.java:62)
	at sun.reflect.DelegatingMethodAccessorImpl.invoke(DelegatingMethodAccessorImpl.java:43)
	at java.lang.reflect.Method.invoke(Method.java:498)
	at org.gradle.messaging.dispatch.ReflectionDispatch.dispatch(ReflectionDispatch.java:35)
	at org.gradle.messaging.dispatch.ReflectionDispatch.dispatch(ReflectionDispatch.java:24)
	at org.gradle.messaging.remote.internal.hub.MessageHub$Handler.run(MessageHub.java:364)
	at org.gradle.internal.concurrent.ExecutorPolicy$CatchAndRecordFailures.onExecute(ExecutorPolicy.java:54)
	at org.gradle.internal.concurrent.StoppableExecutorImpl$1.run(StoppableExecutorImpl.java:40)
	at java.util.concurrent.ThreadPoolExecutor.runWorker(ThreadPoolExecutor.java:1142)
	at java.util.concurrent.ThreadPoolExecutor$Worker.run(ThreadPoolExecutor.java:617)
	at java.lang.Thread.run(Thread.java:745)
</failure>
  </testcase>
  <system-out><![CDATA[]]></system-out>
  <system-err><![CDATA[1488450684774	addons.manager	DEBUG	Application has been upgraded
1488450685102	addons.manager	DEBUG	Loaded provider scope for resource://gre/modules/addons/XPIProvider.jsm: ["XPIProvider"]
1488450685127	addons.manager	DEBUG	Loaded provider scope for resource://gre/modules/LightweightThemeManager.jsm: ["LightweightThemeManager"]
1488450685150	addons.manager	DEBUG	Loaded provider scope for resource://gre/modules/addons/GMPProvider.jsm
1488450685160	addons.manager	DEBUG	Loaded provider scope for resource://gre/modules/addons/PluginProvider.jsm
1488450685162	addons.manager	DEBUG	Starting provider: XPIProvider
1488450685164	addons.xpi	DEBUG	startup
1488450685170	addons.xpi	INFO	SystemAddonInstallLocation directory is missing
1488450685175	addons.xpi	INFO	Mapping aushelper@mozilla.org to C:\Program Files (x86)\Mozilla Firefox\browser\features\aushelper@mozilla.org.xpi
1488450685176	addons.xpi	INFO	Mapping e10srollout@mozilla.org to C:\Program Files (x86)\Mozilla Firefox\browser\features\e10srollout@mozilla.org.xpi
1488450685180	addons.xpi	INFO	Mapping firefox@getpocket.com to C:\Program Files (x86)\Mozilla Firefox\browser\features\firefox@getpocket.com.xpi
1488450685184	addons.xpi	INFO	Mapping webcompat@mozilla.org to C:\Program Files (x86)\Mozilla Firefox\browser\features\webcompat@mozilla.org.xpi
1488450685189	addons.xpi	INFO	Mapping {972ce4c6-7e08-4474-a285-3208198ce6fd} to C:\Program Files (x86)\Mozilla Firefox\browser\extensions\{972ce4c6-7e08-4474-a285-3208198ce6fd}.xpi
1488450685192	addons.xpi	DEBUG	checkForChanges
1488450685194	addons.xpi	DEBUG	Loaded add-on state from prefs: {}
1488450685196	addons.xpi	DEBUG	New add-on aushelper@mozilla.org in app-system-defaults
1488450685198	addons.xpi	DEBUG	getModTime: Recursive scan of aushelper@mozilla.org
1488450685200	addons.xpi	DEBUG	New add-on e10srollout@mozilla.org in app-system-defaults
1488450685201	addons.xpi	DEBUG	getModTime: Recursive scan of e10srollout@mozilla.org
1488450685203	addons.xpi	DEBUG	New add-on firefox@getpocket.com in app-system-defaults
1488450685205	addons.xpi	DEBUG	getModTime: Recursive scan of firefox@getpocket.com
1488450685207	addons.xpi	DEBUG	New add-on webcompat@mozilla.org in app-system-defaults
1488450685209	addons.xpi	DEBUG	getModTime: Recursive scan of webcompat@mozilla.org
1488450685212	addons.xpi	DEBUG	New add-on {972ce4c6-7e08-4474-a285-3208198ce6fd} in app-global
1488450685216	addons.xpi	DEBUG	getModTime: Recursive scan of {972ce4c6-7e08-4474-a285-3208198ce6fd}
1488450685217	addons.xpi	DEBUG	getInstallState changed: true, state: {"app-system-defaults":{"aushelper@mozilla.org":{"d":"C:\\Program Files (x86)\\Mozilla Firefox\\browser\\features\\aushelper@mozilla.org.xpi","st":1485382546419},"e10srollout@mozilla.org":{"d":"C:\\Program Files (x86)\\Mozilla Firefox\\browser\\features\\e10srollout@mozilla.org.xpi","st":1485382546421},"firefox@getpocket.com":{"d":"C:\\Program Files (x86)\\Mozilla Firefox\\browser\\features\\firefox@getpocket.com.xpi","st":1485382555294},"webcompat@mozilla.org":{"d":"C:\\Program Files (x86)\\Mozilla Firefox\\browser\\features\\webcompat@mozilla.org.xpi","st":1485382546452}},"app-global":{"{972ce4c6-7e08-4474-a285-3208198ce6fd}":{"d":"C:\\Program Files (x86)\\Mozilla Firefox\\browser\\extensions\\{972ce4c6-7e08-4474-a285-3208198ce6fd}.xpi","st":1485382546524}}}
1488450685257	addons.xpi-utils	DEBUG	Opening XPI database C:\Users\fts\AppData\Local\Temp\rust_mozprofile.DuCYyuHFrXBT\extensions.json
1488450685261	addons.xpi-utils	DEBUG	New add-on aushelper@mozilla.org installed in app-system-defaults
*** Blocklist::_loadBlocklistFromFile: blocklist is disabled
1488450685299	DeferredSave.extensions.json	DEBUG	Save changes
1488450685300	addons.xpi-utils	DEBUG	New add-on e10srollout@mozilla.org installed in app-system-defaults
1488450685336	DeferredSave.extensions.json	DEBUG	Starting timer
1488450685339	DeferredSave.extensions.json	DEBUG	Save changes
1488450685339	addons.xpi-utils	DEBUG	New add-on firefox@getpocket.com installed in app-system-defaults
1488450685354	DeferredSave.extensions.json	DEBUG	Save changes
1488450685355	addons.xpi-utils	DEBUG	New add-on webcompat@mozilla.org installed in app-system-defaults
1488450685372	DeferredSave.extensions.json	DEBUG	Save changes
1488450685374	addons.xpi-utils	DEBUG	New add-on {972ce4c6-7e08-4474-a285-3208198ce6fd} installed in app-global
1488450685401	DeferredSave.extensions.json	DEBUG	Save changes
1488450685401	addons.manager	DEBUG	Registering startup change 'installed' for aushelper@mozilla.org
1488450685413	addons.xpi	DEBUG	Loading bootstrap scope from C:\Program Files (x86)\Mozilla Firefox\browser\features\aushelper@mozilla.org.xpi
1488450685421	addons.xpi	DEBUG	Calling bootstrap method install on aushelper@mozilla.org version 1.0
1488450685422	addons.xpi-utils	DEBUG	Make addon app-system-defaults:aushelper@mozilla.org visible
1488450685422	DeferredSave.extensions.json	DEBUG	Save changes
1488450685424	addons.manager	DEBUG	Registering startup change 'installed' for e10srollout@mozilla.org
1488450685427	addons.xpi	DEBUG	Loading bootstrap scope from C:\Program Files (x86)\Mozilla Firefox\browser\features\e10srollout@mozilla.org.xpi
1488450685445	addons.xpi	DEBUG	Calling bootstrap method install on e10srollout@mozilla.org version 1.7
1488450685446	addons.xpi-utils	DEBUG	Make addon app-system-defaults:e10srollout@mozilla.org visible
1488450685447	DeferredSave.extensions.json	DEBUG	Save changes
1488450685447	addons.manager	DEBUG	Registering startup change 'installed' for firefox@getpocket.com
1488450685451	addons.xpi	DEBUG	Loading bootstrap scope from C:\Program Files (x86)\Mozilla Firefox\browser\features\firefox@getpocket.com.xpi
1488450685458	addons.xpi	DEBUG	Calling bootstrap method install on firefox@getpocket.com version 1.0.5
1488450685458	addons.xpi-utils	DEBUG	Make addon app-system-defaults:firefox@getpocket.com visible
1488450685458	DeferredSave.extensions.json	DEBUG	Save changes
1488450685459	addons.manager	DEBUG	Registering startup change 'installed' for webcompat@mozilla.org
1488450685461	addons.xpi	DEBUG	Loading bootstrap scope from C:\Program Files (x86)\Mozilla Firefox\browser\features\webcompat@mozilla.org.xpi
1488450685469	addons.xpi	DEBUG	Calling bootstrap method install on webcompat@mozilla.org version 1.0
1488450685469	addons.xpi-utils	DEBUG	Make addon app-system-defaults:webcompat@mozilla.org visible
1488450685470	DeferredSave.extensions.json	DEBUG	Save changes
1488450685470	addons.xpi-utils	DEBUG	Make addon app-global:{972ce4c6-7e08-4474-a285-3208198ce6fd} visible
1488450685471	DeferredSave.extensions.json	DEBUG	Save changes
1488450685478	addons.xpi	DEBUG	Updating XPIState for {"id":"aushelper@mozilla.org","syncGUID":"{0972144d-6119-4899-9915-321e1e9109fb}","location":"app-system-defaults","version":"1.0","type":"extension","internalName":null,"updateURL":null,"updateKey":null,"optionsURL":null,"optionsType":null,"aboutURL":null,"icons":{},"iconURL":null,"icon64URL":null,"defaultLocale":{"name":"Application Update Service Helper","description":"Sets value(s) in the update url based on custom checks.","creator":null,"homepageURL":null},"visible":true,"active":true,"userDisabled":false,"appDisabled":false,"descriptor":"C:\\Program Files (x86)\\Mozilla Firefox\\browser\\features\\aushelper@mozilla.org.xpi","installDate":1485382546419,"updateDate":1485382546419,"applyBackgroundUpdates":1,"bootstrap":true,"skinnable":false,"size":5975,"sourceURI":null,"releaseNotesURI":null,"softDisabled":false,"foreignInstall":false,"hasBinaryComponents":false,"strictCompatibility":false,"locales":[],"targetApplications":[{"id":"{ec8030f7-c20a-464f-9b0e-13a3a9e97384}","minVersion":"51.0.1","maxVersion":"51.*"}],"targetPlatforms":[],"multiprocessCompatible":true,"seen":true,"dependencies":[],"hasEmbeddedWebExtension":false,"mpcOptedOut":false}
1488450685478	addons.xpi	DEBUG	getModTime: Recursive scan of aushelper@mozilla.org
1488450685482	addons.xpi	DEBUG	Updating XPIState for {"id":"e10srollout@mozilla.org","syncGUID":"{9c30c1f3-ddab-4577-a7ce-6c8a1c225660}","location":"app-system-defaults","version":"1.7","type":"extension","internalName":null,"updateURL":null,"updateKey":null,"optionsURL":null,"optionsType":null,"aboutURL":null,"icons":{},"iconURL":null,"icon64URL":null,"defaultLocale":{"name":"Multi-process staged rollout","description":"Staged rollout of Firefox multi-process feature.","creator":null,"homepageURL":null},"visible":true,"active":true,"userDisabled":false,"appDisabled":false,"descriptor":"C:\\Program Files (x86)\\Mozilla Firefox\\browser\\features\\e10srollout@mozilla.org.xpi","installDate":1485382546421,"updateDate":1485382546421,"applyBackgroundUpdates":1,"bootstrap":true,"skinnable":false,"size":6997,"sourceURI":null,"releaseNotesURI":null,"softDisabled":false,"foreignInstall":false,"hasBinaryComponents":false,"strictCompatibility":false,"locales":[],"targetApplications":[{"id":"{ec8030f7-c20a-464f-9b0e-13a3a9e97384}","minVersion":"51.0.1","maxVersion":"51.*"}],"targetPlatforms":[],"multiprocessCompatible":true,"seen":true,"dependencies":[],"hasEmbeddedWebExtension":false,"mpcOptedOut":false}
1488450685485	addons.xpi	DEBUG	getModTime: Recursive scan of e10srollout@mozilla.org
1488450685488	addons.xpi	DEBUG	Updating XPIState for {"id":"firefox@getpocket.com","syncGUID":"{e9dde2bf-d2e3-4c31-9d30-d7bc36cc0701}","location":"app-system-defaults","version":"1.0.5","type":"extension","internalName":null,"updateURL":null,"updateKey":null,"optionsURL":null,"optionsType":null,"aboutURL":null,"icons":{},"iconURL":null,"icon64URL":null,"defaultLocale":{"name":"Pocket","description":"When you find something you want to view later, put it in Pocket.","creator":null,"homepageURL":null},"visible":true,"active":true,"userDisabled":false,"appDisabled":false,"descriptor":"C:\\Program Files (x86)\\Mozilla Firefox\\browser\\features\\firefox@getpocket.com.xpi","installDate":1485382555294,"updateDate":1485382555294,"applyBackgroundUpdates":1,"bootstrap":true,"skinnable":false,"size":921022,"sourceURI":null,"releaseNotesURI":null,"softDisabled":false,"foreignInstall":false,"hasBinaryComponents":false,"strictCompatibility":false,"locales":[],"targetApplications":[{"id":"{ec8030f7-c20a-464f-9b0e-13a3a9e97384}","minVersion":"51.0.1","maxVersion":"51.*"}],"targetPlatforms":[],"multiprocessCompatible":true,"seen":true,"dependencies":[],"hasEmbeddedWebExtension":false,"mpcOptedOut":false}
1488450685488	addons.xpi	DEBUG	getModTime: Recursive scan of firefox@getpocket.com
1488450685489	addons.xpi	DEBUG	Updating XPIState for {"id":"webcompat@mozilla.org","syncGUID":"{dee09dd2-f4da-4552-bec4-e0490c87191a}","location":"app-system-defaults","version":"1.0","type":"extension","internalName":null,"updateURL":null,"updateKey":null,"optionsURL":null,"optionsType":null,"aboutURL":null,"icons":{},"iconURL":null,"icon64URL":null,"defaultLocale":{"name":"Web Compat","description":"Urgent post-release fixes for web compatibility.","creator":null,"homepageURL":null},"visible":true,"active":true,"userDisabled":false,"appDisabled":false,"descriptor":"C:\\Program Files (x86)\\Mozilla Firefox\\browser\\features\\webcompat@mozilla.org.xpi","installDate":1485382546452,"updateDate":1485382546452,"applyBackgroundUpdates":1,"bootstrap":true,"skinnable":false,"size":1570,"sourceURI":null,"releaseNotesURI":null,"softDisabled":false,"foreignInstall":false,"hasBinaryComponents":false,"strictCompatibility":false,"locales":[],"targetApplications":[{"id":"{ec8030f7-c20a-464f-9b0e-13a3a9e97384}","minVersion":"51.0.1","maxVersion":"51.*"}],"targetPlatforms":[],"multiprocessCompatible":true,"seen":true,"dependencies":[],"hasEmbeddedWebExtension":false,"mpcOptedOut":false}
1488450685491	addons.xpi	DEBUG	getModTime: Recursive scan of webcompat@mozilla.org
1488450685492	addons.xpi	DEBUG	Updating XPIState for {"id":"{972ce4c6-7e08-4474-a285-3208198ce6fd}","syncGUID":"{fae922cc-7e09-4c5d-a213-68c4b461e84e}","location":"app-global","version":"51.0.1","type":"theme","internalName":"classic/1.0","updateURL":null,"updateKey":null,"optionsURL":null,"optionsType":null,"aboutURL":null,"icons":{"32":"icon.png","48":"icon.png"},"iconURL":null,"icon64URL":null,"defaultLocale":{"name":"Default","description":"The default theme.","creator":"Mozilla","homepageURL":null,"contributors":["Mozilla Contributors"]},"visible":true,"active":true,"userDisabled":false,"appDisabled":false,"descriptor":"C:\\Program Files (x86)\\Mozilla Firefox\\browser\\extensions\\{972ce4c6-7e08-4474-a285-3208198ce6fd}.xpi","installDate":1485382546524,"updateDate":1485382546524,"applyBackgroundUpdates":1,"skinnable":true,"size":19708,"sourceURI":null,"releaseNotesURI":null,"softDisabled":false,"foreignInstall":false,"hasBinaryComponents":false,"strictCompatibility":true,"locales":[],"targetApplications":[{"id":"{ec8030f7-c20a-464f-9b0e-13a3a9e97384}","minVersion":"51.0.1","maxVersion":"51.0.1"}],"targetPlatforms":[],"seen":true,"dependencies":[],"hasEmbeddedWebExtension":false}
1488450685493	addons.xpi	DEBUG	getModTime: Recursive scan of {972ce4c6-7e08-4474-a285-3208198ce6fd}
1488450685496	DeferredSave.extensions.json	DEBUG	Save changes
1488450685497	addons.xpi	DEBUG	Updating database with changes to installed add-ons
1488450685497	addons.xpi-utils	DEBUG	Updating add-on states
1488450685498	addons.xpi-utils	DEBUG	Writing add-ons list
1488450685505	addons.xpi	DEBUG	Registering manifest for C:\Program Files (x86)\Mozilla Firefox\browser\features\aushelper@mozilla.org.xpi
1488450685506	addons.xpi	DEBUG	Calling bootstrap method startup on aushelper@mozilla.org version 1.0
1488450685513	addons.xpi	DEBUG	Registering manifest for C:\Program Files (x86)\Mozilla Firefox\browser\features\e10srollout@mozilla.org.xpi
1488450685515	addons.xpi	DEBUG	Calling bootstrap method startup on e10srollout@mozilla.org version 1.7
1488450685516	addons.xpi	DEBUG	Registering manifest for C:\Program Files (x86)\Mozilla Firefox\browser\features\firefox@getpocket.com.xpi
1488450685519	addons.xpi	DEBUG	Calling bootstrap method startup on firefox@getpocket.com version 1.0.5
1488450685526	addons.xpi	DEBUG	Registering manifest for C:\Program Files (x86)\Mozilla Firefox\browser\features\webcompat@mozilla.org.xpi
1488450685527	addons.xpi	DEBUG	Calling bootstrap method startup on webcompat@mozilla.org version 1.0
1488450685537	addons.manager	DEBUG	Registering shutdown blocker for XPIProvider
1488450685537	addons.manager	DEBUG	Provider finished startup: XPIProvider
1488450685537	addons.manager	DEBUG	Starting provider: LightweightThemeManager
1488450685539	addons.manager	DEBUG	Registering shutdown blocker for LightweightThemeManager
1488450685542	addons.manager	DEBUG	Provider finished startup: LightweightThemeManager
1488450685544	addons.manager	DEBUG	Starting provider: GMPProvider
1488450685557	addons.manager	DEBUG	Registering shutdown blocker for GMPProvider
1488450685557	addons.manager	DEBUG	Provider finished startup: GMPProvider
1488450685557	addons.manager	DEBUG	Starting provider: PluginProvider
1488450685558	addons.manager	DEBUG	Registering shutdown blocker for PluginProvider
1488450685558	addons.manager	DEBUG	Provider finished startup: PluginProvider
1488450685559	addons.manager	DEBUG	Completed startup sequence
1488450687093	Marionette	INFO	Listening on port 59500
1488450688472	addons.manager	DEBUG	Starting provider: <unnamed-provider>
1488450688472	addons.manager	DEBUG	Registering shutdown blocker for <unnamed-provider>
1488450688472	addons.manager	DEBUG	Provider finished startup: <unnamed-provider>
1488450688669	addons.manager	DEBUG	Starting provider: PreviousExperimentProvider
1488450688669	addons.manager	DEBUG	Registering shutdown blocker for PreviousExperimentProvider
1488450688670	addons.manager	DEBUG	Provider finished startup: PreviousExperimentProvider
1488450688684	DeferredSave.extensions.json	DEBUG	Starting write
1488450688934	DeferredSave.extensions.json	DEBUG	Write succeeded
1488450688935	addons.xpi-utils	DEBUG	XPI Database saved, setting schema version preference to 19
mar 02, 2017 11:31:31 AM org.openqa.selenium.remote.ProtocolHandshake createSession
INFO: Detected dialect: W3C
1488450691453	Marionette	WARN	Using deprecated data structure for setting timeouts
]]></system-err>
</testsuite>
